0005	0000	COPY   START  0                                   
0010	0000	FIRST  STL    RETADR                                  172030
0015	0003	       LDB    #LENGTH                                 692030
0020	    	       BASE   LENGTH
0025	0006	CLOOP  +JSUB  RDREC                                 4B101039
0030	000A	       LDA    LENGTH                                  032029
0035	000D	       COMP   #0                                      290000
0040	0010	       JEQ    ENDFIL                                  332007
0045	0013	       +JSUB  WRREC                                 4B101060
0050	0017	       J      CLOOP                                   3F2FEC
0055	001A	ENDFIL LDA    EOF                                     032010
0060	001D	       STA    BUFFER                                  0F2019
0065	0020	       LDA    #3                                      010003
0070	0023	       STA    LENGTH                                  0F2010
0075	0026	       +JSUB  WRREC                                 4B101060
0080	002A	       J      @RETADR                                 3E2006
0085	002D	EOF    BYTE   C'EOFEOF'                           454F46454F3
0090	0033	RETADR RESW   1                                   
0095	0036	LENGTH RESW   1                                   
0100	0039	BUFFER RESB   4096                                
0105	    	.
0110	    	.      SUBROUTINE TO READ RECORD INTO BUFFER
0115	    	.
0120	1039	RDREC  CLEAR  X                                         B410
0125	103B	       CLEAR  A                                         B400
0130	103D	       CLEAR  S                                         B440
0135	103F	       +LDT   #4096                                 75101000
0140	1043	RLOOP  TD     INPUT                                   E32019
0145	1046	       JEQ    RLOOP                                   332FFA
0150	1049	       RD     INPUT                                   DB2013
0155	104C	       COMPR  A, S                                      A004
0160	104E	       JEQ    EXIT                                    332008
0165	1051	       STCH   BUFFER, X                               578039
0170	1054	       TIXR   T                                         B850
0175	1056	       JLT    RLOOP                                   3B2FEA
0180	1059	EXIT   STX    LENGTH                                  130035
0185	105C	       RSUB                                           4F0000
0190	105F	INPUT  BYTE   X'F1'                                       F1
0195	    	.
0200	    	.      SUBROUTINE TO WRITE RECORD FROM BUFFER
0205	    	.
0210	1060	WRREC  CLEAR  X                                         B410
0215	1062	       LDT    LENGTH                                  770035
0220	1065	WLOOP  TD     OUTPUT                                  E32011
0225	1068	       JEQ    WLOOP                                   332FFA
0230	106B	       LDCH   BUFFER, X                               538038
0235	106E	       WD     OUTPUT                                  DF2008
0240	1071	       TIXR   T                                         B850
0245	1073	       JLT    WLOOP                                   3B2FEF
0250	1076	       RSUB                                           4F0000
0255	1079	OUTPUT BYTE   X'05'                                       05
0260	107A	       END    FIRST                               
